<!DOCTYPE html>
<html dir="ltr" lang="en-gb">

<!-- Mirrored from forum.abinit.org/viewtopic.php?f=3&t=3417&view=print by HTTrack Website Copier/3.x [XR&CO'2014], Fri, 20 Sep 2024 22:52:39 GMT -->
<!-- Added by HTTrack --><meta http-equiv="content-type" content="text/html;charset=UTF-8" /><!-- /Added by HTTrack -->
<head>
<meta charset="utf-8" />
<meta http-equiv="X-UA-Compatible" content="IE=edge">
<meta name="robots" content="noindex" />

<title>ABINIT Discussion Forums &bull; Trying to test while configuring. But failed every time.</title>

<link href="styles/flat-style/theme/print.css" rel="stylesheet">
<link href="styles/flat-style/theme/bidi.css" rel="stylesheet">
</head>
<body id="phpbb" class="ltr">
<div id="wrap" class="wrap">
	<a id="top" class="top-anchor" accesskey="t"></a>

	<div id="page-header">
		<h1>ABINIT Discussion Forums</h1>
		<p>The meeting place for ABINIT users and developers<br /><a href="index.html">https://forum.abinit.org/</a></p>

		<h2>Trying to test while configuring. But failed every time.</h2>
		<p><a href="viewtopic62e7.html?f=3&amp;t=3417">https://forum.abinit.org/viewtopic.php?f=3&amp;t=3417</a></p>
	</div>

	<div id="page-body" class="page-body">
		<div class="page-number">Page <strong>1</strong> of <strong>1</strong></div>
					<div class="post">
				<h3>Trying to test while configuring. But failed every time.</h3>
				<div class="date">Posted: <strong>Tue Nov 01, 2016 6:46 am</strong></div>
				<div class="author">by <strong>Rommel</strong></div>
				<div class="content">I tried to run test using ./runtests.py<br /><br />But the following message came up. Do not know how to resolve this issue. Someone gave a solution to a similar problem in a different thread. But either I did not understand or may be his solution does not work. Please help me.<br /><br />                          :':                                                                       <br />                         ''''                                                                       <br />                         '''':                                                                      <br />                         '''';                                                                      <br />                        ''''''                                                                      <br />                        ''''''                                                    ,`                <br />                       '`,''''                                                  ::                  <br />                      :'  ''''                                                ::.                   <br />                      '   ''''                                             :::,                     <br />                     ''   '''',                                         ::::                        <br />                     '    '''''                                      ::::,                          <br />    `,              '`    :''''                                  .:::::                             <br />  ;;,              ;'      ''''                   :'`        `:::::.                                <br /> ';;;              '       ''''`                 ;'''`   ,::::::                                    <br /> ;;;;;:           ''       '''''      '          ''''':::::.                                        <br />  ;;;;;;;,       .'         ''''     ,'      `:;:'''';,                  ''                         <br />    ';;;;;;;;':`                   ``:';;;;;;;;:, '';                    ''                         <br />       ,';;;;;;;;;;;;;;;;;;;;;;;;;;;;;':,`                               ''                         <br />              `.,:::;;;:::,,.`       ,'  .;;`      :   ,   ,,       :    ''                         <br />               .+            `''''   ,'`''''''     '   '.''''''     '  ''''''                       <br />               ''             ;''''  ,'''    ''    '   '''`   ''    '    ''                         <br />              ''               ''''' ,''      ''   '   ''      ''   '    ''                         <br />              ',                 ,:  ,'       `'   '   ''      :'   '    ''                         <br />             ''                      ,'        '   '   '.       '   '    ''                         <br />            :'                        '        '   '   '.       '   '    ''                         <br />            ''                        '.      ;'   '   '.       '   '    ''                         <br />           ''                         ''      ';   '   '.       '   '    ''                         <br />           '.                          '''  '''    '   '.       '   '    ,',                        <br />          ''                            ;'''':     '   '.       '   '     ''';                      <br />         ''                                                                                         <br />         ':                                                        :  .       `````````             <br />        ''                                                      `,'   `:::::::::::::::::::::::,`    <br />        ;                                               `:;;;;;;;:'                     .,::::::::  <br />                                                  .;;;;;;:.       ,   '                      `:::::.<br />                                             .;;;;;:`              .+;                          :::,<br />                                         :;;;;:`                                                ,:` <br />                                     :;;;;.                                                   ..    <br />                                  ;;;;,                                                             <br />                               ;;;;`                                                                <br />                            .;;;                                                                    <br />                          :;;                                                                       <br />                         ;.                                                                         <br />                       ;<br /><br />Running on nissar-HP-ProBook-4540s -- system Linux -- ncpus 4 -- Python 2.7.12+ -- runtests.py-0.5.2<br />Traceback (most recent call last):<br />  File &quot;./runtests.py&quot;, line 606, in &lt;module&gt;<br />    sys.exit(main())<br />  File &quot;./runtests.py&quot;, line 375, in main<br />    build_env = BuildEnvironment(build_dir_path)<br />  File &quot;/home/nissar/Documents/Program/abinit-8.0.8/tests/pymods/testsuite.py&quot;, line 957, in __init__<br />    build_dir = find_top_build_tree(build_dir)<br />  File &quot;/home/nissar/Documents/Program/abinit-8.0.8/tests/pymods/testsuite.py&quot;, line 783, in find_top_build_tree<br />    raise RuntimeError(&quot;Cannot find the ABINIT build tree after %s trials&quot; % ntrials)<br />RuntimeError: Cannot find the ABINIT build tree after 10 trials</div>
			</div>
			<hr />
					<div class="post">
				<h3>Re: Trying to test while configuring. But failed every time.</h3>
				<div class="date">Posted: <strong>Tue Nov 01, 2016 9:04 am</strong></div>
				<div class="author">by <strong>gmatteo</strong></div>
				<div class="content">runtests.py cannot find the abinit executable in /home/nissar/Documents/Program/abinit-8.0.8/src/98_main/abinit<br /><br />If you have build the code in a different directory e.g. in /home/nissar/Documents/Program/abinit-8.0.8/tmp<br />cd to tmp/tests with<br /><br />   cd /home/nissar/Documents/Program/abinit-8.0.8/tmp/tests<br /><br />and run the script with<br /><br />    ../../tests/runtests,py --help</div>
			</div>
			<hr />
					<div class="post">
				<h3>Re: Trying to test while configuring. But failed every time.</h3>
				<div class="date">Posted: <strong>Wed Nov 02, 2016 5:50 am</strong></div>
				<div class="author">by <strong>Rommel</strong></div>
				<div class="content">I have the runtest.py file in  /home/nissar/Documents/Program/abinit-8.0.8/tests directory. Though I opened a build directory under abinit-8.0.8 directory and inside the build directory somehow another test directory has been created which do not have runtest.py file. But still do not know how to link it with the executable file. I am new in Ubuntu and seek your help in this regard.</div>
			</div>
			<hr />
					<div class="post">
				<h3>Re: Trying to test while configuring. But failed every time.</h3>
				<div class="date">Posted: <strong>Wed Nov 02, 2016 9:58 am</strong></div>
				<div class="author">by <strong>gmatteo</strong></div>
				<div class="content"><blockquote class="uncited"><div>Though I opened a build directory under abinit-8.0.8 directory and inside the build directory somehow another test directory has been created which do not have runtest.py file</div></blockquote><br /><br />Right, the build directory does not contain runtests.py but the script is available in /home/nissar/Documents/Program/abinit-8.0.8/tests/runtests.py<br />and you can execute it provided that you specify its relative path (relative wrt to the directory in which you are working).<br />Your directory tree looks like:<br /><br />abinit_home/<br />├── build<br />│   └── tests<br />└── tests<br />    └── runtests.py<br /><br /><br />where build is the directory in which you have compiled abinit. <br />Open the terminal and go to abinit_home/build/tests i.e. the tests directory that does not contain runtests.py<br />Now you can invoke the python script in abinit_home/tests/ by typing:<br /><br />../../tests/runtests.py<br /><br />that corresponds to the absolute path abinit_home/tests/runtests.py<br />(/home/nissar/Documents/Program/abinit-8.0.8/tests/runtests.py in your particular case)</div>
			</div>
			<hr />
					<div class="post">
				<h3>Re: Trying to test while configuring. But failed every time.</h3>
				<div class="date">Posted: <strong>Fri Nov 04, 2016 11:05 am</strong></div>
				<div class="author">by <strong>Rommel</strong></div>
				<div class="content">Thank you sir.<br /><br />I ran tests by ./runtests.py -j 4 fast and ./runtests.py paral -n 2 -j 2.<br /><br />Looks successful since it shows 11 succeeded.<br /><br />I went to the abinit_home/build/src/98_main and wrote `make install`<br /><br />I found the following errors: Makefile:3393: recipe for target 'install-binPROGRAMS' failed<br />make[1]: *** [install-binPROGRAMS] Error 1<br />make[1]: Leaving directory '/home/nissar/Documents/Program/abinit-8.0.8/build/src/98_main'<br />Makefile:3726: recipe for target 'install-am' failed<br />make: *** [install-am] Error 2<br /><br />Is it a problem?<br />How to solve it?</div>
			</div>
			<hr />
					<div class="post">
				<h3>Re: Trying to test while configuring. But failed every time.</h3>
				<div class="date">Posted: <strong>Sat Nov 05, 2016 10:33 am</strong></div>
				<div class="author">by <strong>gmatteo</strong></div>
				<div class="content">make install should be executed in /home/nissar/Documents/Program/abinit-8.0.8/build/src.<br />You may need to use `sudo make install` if the executables and other files are installed in directories<br />for which you need root privileges (this is the usual case if you haven't specified the installation directory with configure --prefix=DIRPATH)</div>
			</div>
			<hr />
					<div class="post">
				<h3>Re: Trying to test while configuring. But failed every time.</h3>
				<div class="date">Posted: <strong>Mon Nov 07, 2016 3:14 am</strong></div>
				<div class="author">by <strong>Rommel</strong></div>
				<div class="content">Thank you sir. At the same time I apologize for taking lot of your time.<br /><br />After I went to abinit8.0.8/build/src I typed sudo make install.<br /><br />But it is showing the following error.<br /><br />use netcdf<br />     1<br />Fatal Error: Can't open module file ‘netcdf.mod’ for reading at (1): No such file or directory<br />compilation terminated.<br />Makefile:922: recipe for target 'm_errors.o' failed<br />make[1]: *** [m_errors.o] Error 1<br />make[1]: Leaving directory '/home/nissar/Documents/Program/abinit-8.0.8/build/src/16_hideleave'<br />Makefile:930: recipe for target 'install-recursive' failed<br />make: *** [install-recursive] Error 1<br /><br />How to solve it?</div>
			</div>
			<hr />
					<div class="post">
				<h3>Re: Trying to test while configuring. But failed every time.</h3>
				<div class="date">Posted: <strong>Thu Nov 24, 2016 12:05 pm</strong></div>
				<div class="author">by <strong>pouillon</strong></div>
				<div class="content">Just install NetCDF on your computer and make sure you have the Fortran module. It should be in /usr/include after installation.</div>
			</div>
			<hr />
			</div>

	<div id="page-footer" class="page-footer">
		<div class="page-number">All times are <span title="Europe/Brussels">UTC+02:00</span><br />Page <strong>1</strong> of <strong>1</strong></div>
			<div class="copyright">
				<p>Powered by <a href="https://www.phpbb.com/">phpBB</a>&reg; Forum Software &copy; phpBB Limited
				</p>
							</div>
	</div>
</div>

</body>

<!-- Mirrored from forum.abinit.org/viewtopic.php?f=3&t=3417&view=print by HTTrack Website Copier/3.x [XR&CO'2014], Fri, 20 Sep 2024 22:52:39 GMT -->
</html>
