<!DOCTYPE html>
<html dir="ltr" lang="en-gb">

<!-- Mirrored from forum.abinit.org/viewtopic.php?f=3&t=2618&view=print by HTTrack Website Copier/3.x [XR&CO'2014], Sat, 21 Sep 2024 02:22:01 GMT -->
<!-- Added by HTTrack --><meta http-equiv="content-type" content="text/html;charset=UTF-8" /><!-- /Added by HTTrack -->
<head>
<meta charset="utf-8" />
<meta http-equiv="X-UA-Compatible" content="IE=edge">
<meta name="robots" content="noindex" />

<title>ABINIT Discussion Forums &bull; problem compiling abinit 6.7.1 on mac 10.9.2</title>

<link href="styles/flat-style/theme/print.css" rel="stylesheet">
<link href="styles/flat-style/theme/bidi.css" rel="stylesheet">
</head>
<body id="phpbb" class="ltr">
<div id="wrap" class="wrap">
	<a id="top" class="top-anchor" accesskey="t"></a>

	<div id="page-header">
		<h1>ABINIT Discussion Forums</h1>
		<p>The meeting place for ABINIT users and developers<br /><a href="index.html">https://forum.abinit.org/</a></p>

		<h2>problem compiling abinit 6.7.1 on mac 10.9.2</h2>
		<p><a href="viewtopica168.html?f=3&amp;t=2618">https://forum.abinit.org/viewtopic.php?f=3&amp;t=2618</a></p>
	</div>

	<div id="page-body" class="page-body">
		<div class="page-number">Page <strong>1</strong> of <strong>1</strong></div>
					<div class="post">
				<h3>problem compiling abinit 6.7.1 on mac 10.9.2&nbsp;&nbsp;<span style="color: #006600">[SOLVED]</span></h3>
				<div class="date">Posted: <strong>Sun Mar 30, 2014 11:47 am</strong></div>
				<div class="author">by <strong>lorenzodona</strong></div>
				<div class="content">Good morning I tried to find a solution on abinit dissuasion forum before write but i didn't find a solution.<br />I compiled successfully abinit 7.4.3 which the same configuration setup I tried to compile abinit 6.7.1 but I found this error:<br /><br />ranlib lib51_manage_mpi.a<br />ranlib: file: lib51_manage_mpi.a(interfaces_51_manage_mpi.o) has no symbols<br />Making all in 52_fft_mpi_noabirule<br />gfortran -DHAVE_CONFIG_H -I. -I../.. -I../../src/incs -I../../src/incs -I/Users/lorenzodona/Documents/abinit-7.6.1/fallbacks/exports/include   -ffree-form -J/Users/lorenzodona/Documents/abinit-7.6.1/src/mods  -O2 -g -ffree-line-length-none   -c -o interfaces_52_fft_mpi_noabirule.o interfaces_52_fft_mpi_noabirule.F90<br />gfortran -DHAVE_CONFIG_H -I. -I../.. -I../../src/incs -I../../src/incs -I/Users/lorenzodona/Documents/abinit-7.6.1/fallbacks/exports/include   -ffree-form -J/Users/lorenzodona/Documents/abinit-7.6.1/src/mods  -O2 -g -ffree-line-length-none   -c -o accrho.o accrho.F90<br />gfortran -DHAVE_CONFIG_H -I. -I../.. -I../../src/incs -I../../src/incs -I/Users/lorenzodona/Documents/abinit-7.6.1/fallbacks/exports/include   -ffree-form -J/Users/lorenzodona/Documents/abinit-7.6.1/src/mods  -O2 -g -ffree-line-length-none   -c -o addrho.o addrho.F90<br />gfortran -DHAVE_CONFIG_H -I. -I../.. -I../../src/incs -I../../src/incs -I/Users/lorenzodona/Documents/abinit-7.6.1/fallbacks/exports/include   -ffree-form -J/Users/lorenzodona/Documents/abinit-7.6.1/src/mods  -O2 -g -ffree-line-length-none   -c -o applypot.o applypot.F90<br />gfortran -DHAVE_CONFIG_H -I. -I../.. -I../../src/incs -I../../src/incs -I/Users/lorenzodona/Documents/abinit-7.6.1/fallbacks/exports/include   -ffree-form -J/Users/lorenzodona/Documents/abinit-7.6.1/src/mods  -O2 -g -ffree-line-length-none   -c -o back.o back.F90<br />gfortran -DHAVE_CONFIG_H -I. -I../.. -I../../src/incs -I../../src/incs -I/Users/lorenzodona/Documents/abinit-7.6.1/fallbacks/exports/include   -ffree-form -J/Users/lorenzodona/Documents/abinit-7.6.1/src/mods  -O2 -g -ffree-line-length-none   -c -o back_wf.o back_wf.F90<br />gfortran -DHAVE_CONFIG_H -I. -I../.. -I../../src/incs -I../../src/incs -I/Users/lorenzodona/Documents/abinit-7.6.1/fallbacks/exports/include   -ffree-form -J/Users/lorenzodona/Documents/abinit-7.6.1/src/mods  -O2 -g -ffree-line-length-none   -c -o bound.o bound.F90<br />gfortran -DHAVE_CONFIG_H -I. -I../.. -I../../src/incs -I../../src/incs -I/Users/lorenzodona/Documents/abinit-7.6.1/fallbacks/exports/include   -ffree-form -J/Users/lorenzodona/Documents/abinit-7.6.1/src/mods  -O2 -g -ffree-line-length-none   -c -o ctrig.o ctrig.F90<br />gfortran -DHAVE_CONFIG_H -I. -I../.. -I../../src/incs -I../../src/incs -I/Users/lorenzodona/Documents/abinit-7.6.1/fallbacks/exports/include   -ffree-form -J/Users/lorenzodona/Documents/abinit-7.6.1/src/mods  -O2 -g -ffree-line-length-none   -c -o fftstp.o fftstp.F90<br />gfortran -DHAVE_CONFIG_H -I. -I../.. -I../../src/incs -I../../src/incs -I/Users/lorenzodona/Documents/abinit-7.6.1/fallbacks/exports/include   -ffree-form -J/Users/lorenzodona/Documents/abinit-7.6.1/src/mods  -O2 -g -ffree-line-length-none   -c -o fill_cent.o fill_cent.F90<br />gfortran -DHAVE_CONFIG_H -I. -I../.. -I../../src/incs -I../../src/incs -I/Users/lorenzodona/Documents/abinit-7.6.1/fallbacks/exports/include   -ffree-form -J/Users/lorenzodona/Documents/abinit-7.6.1/src/mods  -O2 -g -ffree-line-length-none   -c -o fill.o fill.F90<br />gfortran -DHAVE_CONFIG_H -I. -I../.. -I../../src/incs -I../../src/incs -I/Users/lorenzodona/Documents/abinit-7.6.1/fallbacks/exports/include   -ffree-form -J/Users/lorenzodona/Documents/abinit-7.6.1/src/mods  -O2 -g -ffree-line-length-none   -c -o forw.o forw.F90<br />gfortran -DHAVE_CONFIG_H -I. -I../.. -I../../src/incs -I../../src/incs -I/Users/lorenzodona/Documents/abinit-7.6.1/fallbacks/exports/include   -ffree-form -J/Users/lorenzodona/Documents/abinit-7.6.1/src/mods  -O2 -g -ffree-line-length-none   -c -o forw_wf.o forw_wf.F90<br />gfortran -DHAVE_CONFIG_H -I. -I../.. -I../../src/incs -I../../src/incs -I/Users/lorenzodona/Documents/abinit-7.6.1/fallbacks/exports/include   -ffree-form -J/Users/lorenzodona/Documents/abinit-7.6.1/src/mods  -O2 -g -ffree-line-length-none   -c -o indfftrisc.o indfftrisc.F90<br />gfortran -DHAVE_CONFIG_H -I. -I../.. -I../../src/incs -I../../src/incs -I/Users/lorenzodona/Documents/abinit-7.6.1/fallbacks/exports/include   -ffree-form -J/Users/lorenzodona/Documents/abinit-7.6.1/src/mods  -O2 -g -ffree-line-length-none   -c -o indirect_parallel_Fourier.o indirect_parallel_Fourier.F90<br />gfortran -DHAVE_CONFIG_H -I. -I../.. -I../../src/incs -I../../src/incs -I/Users/lorenzodona/Documents/abinit-7.6.1/fallbacks/exports/include   -ffree-form -J/Users/lorenzodona/Documents/abinit-7.6.1/src/mods  -O2 -g -ffree-line-length-none   -c -o mpiswitch.o mpiswitch.F90<br />gfortran -DHAVE_CONFIG_H -I. -I../.. -I../../src/incs -I../../src/incs -I/Users/lorenzodona/Documents/abinit-7.6.1/fallbacks/exports/include   -ffree-form -J/Users/lorenzodona/Documents/abinit-7.6.1/src/mods  -O2 -g -ffree-line-length-none   -c -o mpiswitch_cent.o mpiswitch_cent.F90<br />gfortran -DHAVE_CONFIG_H -I. -I../.. -I../../src/incs -I../../src/incs -I/Users/lorenzodona/Documents/abinit-7.6.1/fallbacks/exports/include   -ffree-form -J/Users/lorenzodona/Documents/abinit-7.6.1/src/mods  -O2 -g -ffree-line-length-none   -c -o multpot.o multpot.F90<br />gfortran -DHAVE_CONFIG_H -I. -I../.. -I../../src/incs -I../../src/incs -I/Users/lorenzodona/Documents/abinit-7.6.1/fallbacks/exports/include   -ffree-form -J/Users/lorenzodona/Documents/abinit-7.6.1/src/mods  -O2 -g -ffree-line-length-none   -c -o m_fft_mesh.o m_fft_mesh.F90<br />gfortran -DHAVE_CONFIG_H -I. -I../.. -I../../src/incs -I../../src/incs -I/Users/lorenzodona/Documents/abinit-7.6.1/fallbacks/exports/include   -ffree-form -J/Users/lorenzodona/Documents/abinit-7.6.1/src/mods  -O2 -g -ffree-line-length-none   -c -o m_fftw3.o m_fftw3.F90<br />m_fftw3.F90:49:2: error: #error &quot;Compiler does not provide the module iso_c_binding, cannot use m_fftw3.F90&quot;<br /> #error &quot;Compiler does not provide the module iso_c_binding, cannot use m_fftw3.F90&quot;<br />  ^<br />m_fftw3.F90:3566.19:<br /><br /> integer(C_INTPTR_T), intent(out) :: n0, offset, n0_tr, offset_tr<br />                   1<br />Error: Symbol 'c_intptr_t' at (1) has no IMPLICIT type<br />m_fftw3.F90:3567.12:<br /><br /> type(C_PTR), intent(out) :: cdata_f,cdata_r<br />            1<br />Error: Derived type 'c_ptr' at (1) is being used before it is defined<br />m_fftw3.F90:3641.12:<br /><br /> type(C_PTR), intent(inout) :: cdata_f,cdata_r<br />            1<br />Error: Derived type 'c_ptr' at (1) is being used before it is defined<br />m_fftw3.F90:3840.25:<br /><br /> complex(C_DOUBLE_COMPLEX),pointer,  intent(inout)  :: fin(:,:,:)<br />                         1<br />Error: Symbol 'c_double_complex' at (1) has no IMPLICIT type<br />m_fftw3.F90:3841.25:<br /><br /> complex(C_DOUBLE_COMPLEX),pointer,  intent(out) :: fout(:,:,:)<br />                         1<br />Error: Symbol 'c_double_complex' at (1) has no IMPLICIT type<br />m_fftw3.F90:3628.42:<br /><br />subroutine fftwmpi_free_work_array(cdata_f,cdata_r)<br />                                          1<br />Error: Symbol 'cdata_f' at (1) has no IMPLICIT type<br />m_fftw3.F90:3628.50:<br /><br />subroutine fftwmpi_free_work_array(cdata_f,cdata_r)<br />                                                  1<br />Error: Symbol 'cdata_r' at (1) has no IMPLICIT type<br />m_fftw3.F90:3551.41:<br /><br />subroutine fftwmpi_get_work_array(cdata_f,cdata_r,rank,nx,ny,nz,ndat,mpi_enreg,<br />                                         1<br />Error: Symbol 'cdata_f' at (1) has no IMPLICIT type<br />m_fftw3.F90:3551.49:<br /><br />subroutine fftwmpi_get_work_array(cdata_f,cdata_r,rank,nx,ny,nz,ndat,mpi_enreg,<br />                                                 1<br />Error: Symbol 'cdata_r' at (1) has no IMPLICIT type<br />m_fftw3.F90:3551.81:<br /><br />tine fftwmpi_get_work_array(cdata_f,cdata_r,rank,nx,ny,nz,ndat,mpi_enreg,n0,off<br />                                                                           1<br />Error: Symbol 'n0' at (1) has no IMPLICIT type<br />m_fftw3.F90:3551.88:<br /><br />twmpi_get_work_array(cdata_f,cdata_r,rank,nx,ny,nz,ndat,mpi_enreg,n0,offset,n0_<br />                                                                           1<br />Error: Symbol 'offset' at (1) has no IMPLICIT type<br />m_fftw3.F90:3551.94:<br /><br />get_work_array(cdata_f,cdata_r,rank,nx,ny,nz,ndat,mpi_enreg,n0,offset,n0_tr,off<br />                                                                           1<br />Error: Symbol 'n0_tr' at (1) has no IMPLICIT type<br />m_fftw3.F90:3551.104:<br /><br />rray(cdata_f,cdata_r,rank,nx,ny,nz,ndat,mpi_enreg,n0,offset,n0_tr,offset_tr)<br />                                                                           1<br />Error: Symbol 'offset_tr' at (1) has no IMPLICIT type<br />m_fftw3.F90:3823.64:<br /><br />subroutine fftwmpi_many_dft_tr(mpi_enreg,nx,ny,nz,ndat,isign,fin,fout,fftw_flag<br />                                                                1<br />Error: Symbol 'fin' at (1) has no IMPLICIT type<br />m_fftw3.F90:3823.69:<br /><br />subroutine fftwmpi_many_dft_tr(mpi_enreg,nx,ny,nz,ndat,isign,fin,fout,fftw_flag<br />                                                                     1<br />Error: Symbol 'fout' at (1) has no IMPLICIT type<br />m_fftw3.F90:3656.23:<br /><br />   cdata_r = C_NULL_PTR<br />                       1<br />Error: Symbol 'c_null_ptr' at (1) has no IMPLICIT type<br />m_fftw3.F90:3596.22:<br /><br />  cdata_f = C_NULL_PTR<br />                      1<br />Error: Symbol 'c_null_ptr' at (1) has no IMPLICIT type<br />m_fftw3.F90:3900.30:<br /><br /> if (.FALSE.) call unused_var(fin(1,1,1))<br />                              1<br />Error: Function 'fin' at (1) has no IMPLICIT type<br />m_fftw3.F90:3901.30:<br /><br /> if (.FALSE.) call unused_var(fout(1,1,1))<br />                              1<br />Error: Function 'fout' at (1) has no IMPLICIT type<br />make[3]: *** [m_fftw3.o] Error 1<br />make[2]: *** [all-recursive] Error 1<br />make[1]: *** [all-recursive] Error 1<br />make: *** [all] Error 2<br /><br />my configuration used to build abinit 6.7.1<br />./configure FCFLAGS_OPTIM=&quot;-g -O3 -Wl&quot;,-search_paths_first CXXFLAGS=&quot;-g -O3 -Wl&quot;,-search_paths_first --enable-zdot-bugfix=yes --enable-optim=safe CPP=/usr/local/gfortran/bin/cpp FCCPP=/usr/local/gfortran/bin/cpp -with-trio-flavor=&quot;libxc-fallback+atompaw-fallback+bigdft-fallback+wannier90-fallback&quot; -with-trio-flavor=&quot;none&quot;<br /><br />please can you help me to solve this problem.<br />thanks for your patience.<br />dearly lorenzo.<br /><br />i added the log file</div>
			</div>
			<hr />
					<div class="post">
				<h3>Re: problem compiling abinit 6.7.1 on mac 10.9.2</h3>
				<div class="date">Posted: <strong>Sun Mar 30, 2014 12:02 pm</strong></div>
				<div class="author">by <strong>lorenzodona</strong></div>
				<div class="content">excuse me the version that i wish to configure is 7.6.1 not 6.7.1.....<br />my mistake.<br />excuse me again.</div>
			</div>
			<hr />
					<div class="post">
				<h3>Re: problem compiling abinit 6.7.1 on mac 10.9.2</h3>
				<div class="date">Posted: <strong>Tue Apr 01, 2014 5:42 pm</strong></div>
				<div class="author">by <strong>pouillon</strong></div>
				<div class="content">I'm not an expert in Mac, but I know that GCC 4.8 does provide the iso_c_binding module. You may thus be able to solve this issue by looking for the iso_c_binding.mod file on your hard disk and then use the following option to configure:<br /><div class="codebox"><p>Code: <a href="#" onclick="selectCode(this); return false;">Select all</a></p><pre><code>FPPFLAGS_EXTRA=&quot;-I/directory/containing/the/iso_c_binding/module&quot;</code></pre></div></div>
			</div>
			<hr />
					<div class="post">
				<h3>Re: problem compiling abinit 6.7.1 on mac 10.9.2</h3>
				<div class="date">Posted: <strong>Tue Apr 01, 2014 8:40 pm</strong></div>
				<div class="author">by <strong>gmatteo</strong></div>
				<div class="content">Hi Yann,<br /><br />The version of gcc4.8 I have on my Mac (from macport) provides iso_c_binding.<br />If you look at config.log, you can see a lot of weird error messages such as <br /><br />configure:21627: result: no<br />configure:21633: checking whether the Fortran compiler accepts flush()<br />configure:21648: gfortran -o conftest  -g -ffree-line-length-none     conftest.F90  &gt;&amp;5<br />Undefined symbols for architecture x86_64:<br />  &quot;start&quot;, referenced from:<br />     -u command line option<br />ld: symbol(s) not found for architecture x86_64<br /><br />So I don't think the problem is due to missing support for iso_c_binding <br />(gcc supports it since 2007, see <!-- m --><a class="postlink" href="http://gcc.gnu.org/wiki/Fortran2003">http://gcc.gnu.org/wiki/Fortran2003</a><!-- m -->)<br /><br />@Lorenzo:<br />Did you install gfortran through macport/homebrew or did you use other precompiled packages?</div>
			</div>
			<hr />
					<div class="post">
				<h3>Re: problem compiling abinit 6.7.1 on mac 10.9.2</h3>
				<div class="date">Posted: <strong>Wed Apr 02, 2014 9:15 am</strong></div>
				<div class="author">by <strong>lorenzodona</strong></div>
				<div class="content">Dear Pouillon<br /> I tried to find the the iso_c_binding.mod file on my hard disk but I did not find it.<br />i found only a lots of m_iso_c_binding.mod files from previous versions of abinit installed correctly.<br /><br /><br />Dear Matteo i used a precompiled package of gfortran...<br /><br />please can you help me to solve this problem.<br /><br />thanks to everyone for your patience and for help me.<br />Dearly Lorenzo Donà</div>
			</div>
			<hr />
					<div class="post">
				<h3>Re: problem compiling abinit 6.7.1 on mac 10.9.2</h3>
				<div class="date">Posted: <strong>Wed Apr 02, 2014 9:21 pm</strong></div>
				<div class="author">by <strong>gmatteo</strong></div>
				<div class="content"><blockquote class="uncited"><div>i found only a lots of m_iso_c_binding.mod files from previous versions of abinit installed correctly.<br /></div></blockquote><br /><br />I guess you compiled these modules with an older version of gfortan, right?<br />In this case, you cannot use these files, since gfortran-4.8 uses a new format for .mod files.<br /><br /><blockquote class="uncited"><div>Dear Matteo i used a precompiled package of gfortran...<br /></div></blockquote><br /><br />The macport build of gfortran4-8 supports iso_c_bindings, so I guess you got your version <br />of gfortran from another source and this precompiled package, for some reason, does not support iso_c_binding.<br />Could you post the link/webpage where you got the precompiled package so that I can look at it?<br /><br />If we cannot solve the problem, I suggest install gfortran-4.8 with macport or homebrew</div>
			</div>
			<hr />
					<div class="post">
				<h3>Re: problem compiling abinit 6.7.1 on mac 10.9.2</h3>
				<div class="date">Posted: <strong>Wed Apr 02, 2014 10:11 pm</strong></div>
				<div class="author">by <strong>lorenzodona</strong></div>
				<div class="content">Dear Matteo thanks for help me.<br />I downloaded gcc 4.8 binaries from <!-- m --><a class="postlink" href="http://gcc.gnu.org/wiki/GFortranBinaries">http://gcc.gnu.org/wiki/GFortranBinaries</a><!-- m --> but i found the same error,<br />so I downloaded macport and installed with macport gcc 4.8 and compiled correctly abinit I also compiled abinit with openmpi downloaded from macport.<br />but can you tell me how run a parallel calculation with openmpi downloaded from macport.<br />thanks for your patience whit me again and thanks to help me.<br /><br />this is my configuration file for parallel:<br />./configure --enable-64bit-flags=yes FCFLAGS_OPTIM=-g -O3 -Wl,-search_paths_first CXXFLAGS=-g -O3 -Wl,-search_paths_first --enable-zdot-bugfix=yes --enable-optim=safe --enable-mpi=yes --with-mpi-level=1 FC=mpif90 CC=mpicc<br /><br />but can you tell me how to run parallel code with openmpi downloaded from macport thanks for your patience again<br />dearly lorenzo.</div>
			</div>
			<hr />
					<div class="post">
				<h3>Re: problem compiling abinit 6.7.1 on mac 10.9.2</h3>
				<div class="date">Posted: <strong>Wed Apr 02, 2014 10:20 pm</strong></div>
				<div class="author">by <strong>gmatteo</strong></div>
				<div class="content">Have you used one of the packages reported below?<br /><br />The gfortran maintainers offer nice Apple-style installers for:<br /><br />OS X Mavericks (10.9): download gfortran 4.8.2<br />OS X Mountain Lion (10.8): download gfortran 4.8.2<br />OS X Lion (10.7): download gfortran 4.8.2<br /><br />For older OS X versions, we have:<br /><br />Snow Leopard (10.6) on Intel 64-bit processors (gfortran 4.6.2): download<br />Snow Leopard (10.6) on Intel 32-bit processors (gfortran 4.6.1): download<br /><br /><br /><blockquote class="uncited"><div>but can you tell me how to run parallel code with openmpi ?<br /></div></blockquote><br /><br />mpirun -np 2 abinit &lt; tbasepar_1.files &gt;&amp; tbasepar_1.log &amp;<br /><br />See also the tutorial<br /><!-- m --><a class="postlink" href="http://www.abinit.org/documentation/helpfiles/for-v7.4/tutorial/lesson_basepar.html">http://www.abinit.org/documentation/hel ... separ.html</a><!-- m --></div>
			</div>
			<hr />
					<div class="post">
				<h3>Re: problem compiling abinit 6.7.1 on mac 10.9.2</h3>
				<div class="date">Posted: <strong>Thu Apr 03, 2014 8:24 am</strong></div>
				<div class="author">by <strong>lorenzodona</strong></div>
				<div class="content">Dear Matteo<br />Yes I used OS X Mavericks (10.9): download gfortran 4.8.2 but I was not able to build abinit.<br />with gcc 4.8 from macport I built abinit.<br />thanks for parallel it works using mpiexec -np 2 ......<br />I have a last question for you I am not able to run parallel test in abinit i found this from terminal:<br />MacBook-Pro-di-Lorenzo-Dona:tests lorenzodona$ runtests.py -n3 v3[:4] v4[45:] v5[3]<br />/Users/lorenzodona/Documents/abinit-7.6.2/tests/pymods/testsuite.py:802: UserWarning: Cannot find path of bin_name timeout, neither in the build directory nor in PATH ['/opt/local/bin', '/opt/local/sbin', '/opt/local/bin', '/opt/local/sbin', '/opt/local/bin', '/opt/local/sbin', '/opt/local/bin', '/opt/local/sbin', '/opt/local/bin', '/opt/local/sbin', '/usr/bin', '/bin', '/usr/sbin', '/sbin', '/usr/local/bin', '/opt/X11/bin', './', '/Users/lorenzodona/Crystal09/bin/Mac_ifort/v1_0_1', '/Users/lorenzodona/Crystal09/bin/Mac_ifort', '/Users/lorenzodona/Crystal09/utils09', '/Users/lorenzodona/Crystal09/crgra2006']<br />  warn(err_msg)<br />/Users/lorenzodona/Documents/abinit-7.6.2/tests/pymods/testsuite.py:762: UserWarning: Cannot find timeout executable!<br />  warn(&quot;Cannot find timeout executable!&quot;)<br />./runtests.py:213: UserWarning: Cannot find timeout executable at: <br />  warn(&quot;Cannot find timeout executable at: %s&quot; % build_env.path_of_bin(&quot;timeout&quot;))<br />Test_suite directory already exists! Old files will be removed<br />Running ntests = 53, MPI_nprocs = 3, py_nthreads = 1...<br />/Users/lorenzodona/Documents/abinit-7.6.2/tests/pymods/testsuite.py:2599: UserWarning: Timeout occured while trying to acquire the directory lock in /Users/lorenzodona/Documents/abinit-7.6.2/tests/Test_suite<br /><br />for example I wanna to run tests in v3 v4 and v5 with 3 processors but I am not able can you gel me again??<br />Thanks for your patience with me dearly lorenzo donà</div>
			</div>
			<hr />
					<div class="post">
				<h3>Re: problem compiling abinit 6.7.1 on mac 10.9.2</h3>
				<div class="date">Posted: <strong>Fri Apr 04, 2014 11:38 pm</strong></div>
				<div class="author">by <strong>gmatteo</strong></div>
				<div class="content"><blockquote class="uncited"><div>Yes I used OS X Mavericks (10.9): download gfortran 4.8.2 but I was not able to build abinit.<br /></div></blockquote><br /><br />For the record, this pre-compiled version of gfortran won't be supported  by Abinit, in particular version &gt;=7.7<br />since the compiler does not provide the iso_c_binding module that has been available in the official <br />gcc distribution since 2007.<br /><br />Mac users are strongly encouraged to install gfortran through macport, homebrew or fink (or source, if really needed)<br /><br /><blockquote class="uncited"><div>warn(&quot;Cannot find timeout executable!&quot;)<br />./runtests.py:213: UserWarning: Cannot find timeout executable at: <br />warn(&quot;Cannot find timeout executable at: %s&quot; % build_env.path_of_bin(&quot;timeout&quot;))<br />Test_suite directory already exists! Old files will be removed<br />Running ntests = 53, MPI_nprocs = 3, py_nthreads = 1...<br />/Users/lorenzodona/Documents/abinit-7.6.2/tests/pymods/testsuite.py:2599: UserWarning: Timeout occured while trying to acquire the directory lock in /Users/lorenzodona/Documents/abinit-7.6.2/tests/Test_suite<br /></div></blockquote><br /><br />Use <br /><br />runtests.py -t0  [other_options] <br /><br />to disable the use of the timeout executable <br /><br /><blockquote class="uncited"><div>for example I wanna to run tests in v3 v4 and v5 with 3 processors but I am not able can you gel me again??<br /></div></blockquote><br /><br />In your abinit version, only the tests in paral and mpiio can be executed in parallel.<br />Moreover one can only use a number of MPI processes per test that must be in the list [1,2,4,10]<br /><br />Use <br /><br />runtests.py paral mpio -n 2<br /><br />to run all the parallel tests with two MPI nodes.<br />If you have more than two (physical) cores on your machines, you can speedup the execution by running the tests in parallel <br />with python threads<br /><br />runtests.py paral mpiio -n  2 -j 2<br /><br />will use 2 (high-level) python threads  to run the tests, each test uses 2 MPI processes so in total you will be using 4 CPUs.<br /><br />The option<br />-n #num <br />is not supported in the other test suites, but you can use -j num_threads to speedup the execution of the sequential tests.<br /><br />Best regards<br />Matteo</div>
			</div>
			<hr />
					<div class="post">
				<h3>Re: problem compiling abinit 6.7.1 on mac 10.9.2</h3>
				<div class="date">Posted: <strong>Sat Apr 05, 2014 10:10 pm</strong></div>
				<div class="author">by <strong>lorenzodona</strong></div>
				<div class="content">Dear Matteo thanks for your patience with me I understood a lots of things about how to run a parallel test on abinit but when i try to run paral test with mpi=1 i found no errors but when I try to run runtests.py -t0 paral -n 2 i found some errors:<br /><br />MacBook-Pro-di-Lorenzo-Dona:tests lorenzodona$ runtests.py -t0 paral -n 2<br />/Users/lorenzodona/Desktop/abinit-7.6.2/tests/pymods/testsuite.py:802: UserWarning: Cannot find path of bin_name timeout, neither in the build directory nor in PATH ['/opt/local/bin', '/opt/local/sbin', '/opt/local/bin', '/opt/local/sbin', '/opt/local/bin', '/opt/local/sbin', '/opt/local/bin', '/opt/local/sbin', '/opt/local/bin', '/opt/local/sbin', '/usr/bin', '/bin', '/usr/sbin', '/sbin', '/usr/local/bin', '/opt/X11/bin', './', '/Users/lorenzodona/Crystal09/bin/Mac_ifort/v1_0_1', '/Users/lorenzodona/Crystal09/bin/Mac_ifort', '/Users/lorenzodona/Crystal09/utils09', '/Users/lorenzodona/Crystal09/crgra2006']<br />  warn(err_msg)<br />/Users/lorenzodona/Desktop/abinit-7.6.2/tests/pymods/testsuite.py:762: UserWarning: Cannot find timeout executable!<br />  warn(&quot;Cannot find timeout executable!&quot;)<br />./runtests.py:213: UserWarning: Cannot find timeout executable at: <br />  warn(&quot;Cannot find timeout executable at: %s&quot; % build_env.path_of_bin(&quot;timeout&quot;))<br />Test_suite directory already exists! Old files will be removed<br />Running ntests = 93, MPI_nprocs = 2, py_nthreads = 1...<br />[paral][t01_MPI1]: Skipped<br />Command mpirun -np 2 /Users/lorenzodona/Desktop/abinit-7.6.2/src/98_main/abinit &lt; /Users/lorenzodona/Desktop/abinit-7.6.2/tests/Test_suite/paral_t01_MPI2/t01_MPI2.stdin &gt; /Users/lorenzodona/Desktop/abinit-7.6.2/tests/Test_suite/paral_t01_MPI2/t01_MPI2.stdout 2&gt; /Users/lorenzodona/Desktop/abinit-7.6.2/tests/Test_suite/paral_t01_MPI2/t01_MPI2.stderr<br /> returned exit_code: 1<br /><br />[paral][t01_MPI2] fldiff.pl fatal error:<br />Unable to open input file /Users/lorenzodona/Desktop/abinit-7.6.2/tests/Test_suite/paral_t01_MPI2/t01_MPI2.out<br />[paral][t01_MPI4]: Skipped<br />[paral][t01_MPI10]: Skipped<br />[paral][t02_MPI1]: Skipped<br />Command mpirun -np 2 /Users/lorenzodona/Desktop/abinit-7.6.2/src/98_main/abinit &lt; /Users/lorenzodona/Desktop/abinit-7.6.2/tests/Test_suite/paral_t02_MPI2/t02_MPI2.stdin &gt; /Users/lorenzodona/Desktop/abinit-7.6.2/tests/Test_suite/paral_t02_MPI2/t02_MPI2.stdout 2&gt; /Users/lorenzodona/Desktop/abinit-7.6.2/tests/Test_suite/paral_t02_MPI2/t02_MPI2.stderr<br /> returned exit_code: 1<br /><br />[paral][t02_MPI2] fldiff.pl fatal error:<br />Unable to open input file /Users/lorenzodona/Desktop/abinit-7.6.2/tests/Test_suite/paral_t02_MPI2/t02_MPI2.out<br />[paral][t02_MPI4]: Skipped<br />[paral][t02_MPI10]: Skipped<br />[paral][t03_MPI1]: Skipped<br />Command mpirun -np 2 /Users/lorenzodona/Desktop/abinit-7.6.2/src/98_main/abinit &lt; /Users/lorenzodona/Desktop/abinit-7.6.2/tests/Test_suite/paral_t03_MPI2/t03_MPI2.stdin &gt; /Users/lorenzodona/Desktop/abinit-7.6.2/tests/Test_suite/paral_t03_MPI2/t03_MPI2.stdout 2&gt; /Users/lorenzodona/Desktop/abinit-7.6.2/tests/Test_suite/paral_t03_MPI2/t03_MPI2.stderr<br /> returned exit_code: 1<br /><br />[paral][t03_MPI2] fldiff.pl fatal error:<br />Unable to open input file /Users/lorenzodona/Desktop/abinit-7.6.2/tests/Test_suite/paral_t03_MPI2/t03_MPI2.out<br />[paral][t03_MPI4]: Skipped<br />[paral][t05_MPI1]: Skipped<br />Command mpirun -np 2 /Users/lorenzodona/Desktop/abinit-7.6.2/src/98_main/abinit &lt; /Users/lorenzodona/Desktop/abinit-7.6.2/tests/Test_suite/paral_t05_MPI2/t05_MPI2.stdin &gt; /Users/lorenzodona/Desktop/abinit-7.6.2/tests/Test_suite/paral_t05_MPI2/t05_MPI2.stdout 2&gt; /Users/lorenzodona/Desktop/abinit-7.6.2/tests/Test_suite/paral_t05_MPI2/t05_MPI2.stderr<br /> returned exit_code: 1<br /><br />[paral][t05_MPI2] fldiff.pl fatal error:<br />Unable to open input file /Users/lorenzodona/Desktop/abinit-7.6.2/tests/Test_suite/paral_t05_MPI2/t05_MPI2.out<br />[paral][t05_MPI4]: Skipped<br />[paral][t05_MPI10]: Skipped<br />[paral][t06_MPI1]: Skipped<br />Command mpirun -np 2 /Users/lorenzodona/Desktop/abinit-7.6.2/src/98_main/abinit &lt; /Users/lorenzodona/Desktop/abinit-7.6.2/tests/Test_suite/paral_t06_MPI2/t06_MPI2.stdin &gt; /Users/lorenzodona/Desktop/abinit-7.6.2/tests/Test_suite/paral_t06_MPI2/t06_MPI2.stdout 2&gt; /Users/lorenzodona/Desktop/abinit-7.6.2/tests/Test_suite/paral_t06_MPI2/t06_MPI2.stderr<br /> returned exit_code: 1<br /><br />[paral][t06_MPI2] fldiff.pl fatal error:<br />Unable to open input file /Users/lorenzodona/Desktop/abinit-7.6.2/tests/Test_suite/paral_t06_MPI2/t06_MPI2.out<br />[paral][t06_MPI4]: Skipped<br />[paral][t06_MPI10]: Skipped<br />[paral][t07_MPI1]: Skipped<br />Command mpirun -np 2 /Users/lorenzodona/Desktop/abinit-7.6.2/src/98_main/abinit &lt; /Users/lorenzodona/Desktop/abinit-7.6.2/tests/Test_suite/paral_t07_MPI2/t07_MPI2.stdin &gt; /Users/lorenzodona/Desktop/abinit-7.6.2/tests/Test_suite/paral_t07_MPI2/t07_MPI2.stdout 2&gt; /Users/lorenzodona/Desktop/abinit-7.6.2/tests/Test_suite/paral_t07_MPI2/t07_MPI2.stderr<br /> returned exit_code: 1<br /><br />[paral][t07_MPI2] fldiff.pl fatal error:<br />Unable to open input file /Users/lorenzodona/Desktop/abinit-7.6.2/tests/Test_suite/paral_t07_MPI2/t07_MPI2.out<br />[paral][t07_MPI4]: Skipped<br />[paral][t08_MPI1]: Skipped<br />Command mpirun -np 2 /Users/lorenzodona/Desktop/abinit-7.6.2/src/98_main/abinit &lt; /Users/lorenzodona/Desktop/abinit-7.6.2/tests/Test_suite/paral_t08_MPI2/t08_MPI2.stdin &gt; /Users/lorenzodona/Desktop/abinit-7.6.2/tests/Test_suite/paral_t08_MPI2/t08_MPI2.stdout 2&gt; /Users/lorenzodona/Desktop/abinit-7.6.2/tests/Test_suite/paral_t08_MPI2/t08_MPI2.stderr<br /> returned exit_code: 1<br /><br />[paral][t08_MPI2] fldiff.pl fatal error:<br />Unable to open input file /Users/lorenzodona/Desktop/abinit-7.6.2/tests/Test_suite/paral_t08_MPI2/t08_MPI2.out<br />[paral][t08_MPI4]: Skipped<br />[paral][t08_MPI10]: Skipped<br />[paral][t21_MPI4]: Skipped<br />[paral][t22_MPI4]: Skipped<br />[paral][t24_MPI4]: Skipped<br />[paral][t25_MPI4]: Skipped<br />[paral][t26_MPI4]: Skipped<br />[paral][t27_MPI4]: Skipped<br />[paral][t28_MPI4]: Skipped<br />[paral][t41_MPI4]: Skipped<br />[paral][t51_MPI1]: Skipped<br />[paral][t52_MPI1]: Skipped<br />[paral][t53_MPI1]: Skipped<br />Command mpirun -np 2 /Users/lorenzodona/Desktop/abinit-7.6.2/src/98_main/abinit &lt; /Users/lorenzodona/Desktop/abinit-7.6.2/tests/Test_suite/paral_t51_MPI2-t52_MPI2-t53_MPI2/t51_MPI2.stdin &gt; /Users/lorenzodona/Desktop/abinit-7.6.2/tests/Test_suite/paral_t51_MPI2-t52_MPI2-t53_MPI2/t51_MPI2.stdout 2&gt; /Users/lorenzodona/Desktop/abinit-7.6.2/tests/Test_suite/paral_t51_MPI2-t52_MPI2-t53_MPI2/t51_MPI2.stderr<br /> returned exit_code: 1<br /><br />[paral][t51_MPI2] fldiff.pl fatal error:<br />Unable to open input file /Users/lorenzodona/Desktop/abinit-7.6.2/tests/Test_suite/paral_t51_MPI2-t52_MPI2-t53_MPI2/t51_MPI2.out<br />Command mpirun -np 2 /Users/lorenzodona/Desktop/abinit-7.6.2/src/98_main/abinit &lt; /Users/lorenzodona/Desktop/abinit-7.6.2/tests/Test_suite/paral_t51_MPI2-t52_MPI2-t53_MPI2/t52_MPI2.stdin &gt; /Users/lorenzodona/Desktop/abinit-7.6.2/tests/Test_suite/paral_t51_MPI2-t52_MPI2-t53_MPI2/t52_MPI2.stdout 2&gt; /Users/lorenzodona/Desktop/abinit-7.6.2/tests/Test_suite/paral_t51_MPI2-t52_MPI2-t53_MPI2/t52_MPI2.stderr<br /> returned exit_code: 1<br /><br />[paral][t52_MPI2] fldiff.pl fatal error:<br />Unable to open input file /Users/lorenzodona/Desktop/abinit-7.6.2/tests/Test_suite/paral_t51_MPI2-t52_MPI2-t53_MPI2/t52_MPI2.out<br />Command mpirun -np 2 /Users/lorenzodona/Desktop/abinit-7.6.2/src/98_main/abinit &lt; /Users/lorenzodona/Desktop/abinit-7.6.2/tests/Test_suite/paral_t51_MPI2-t52_MPI2-t53_MPI2/t53_MPI2.stdin &gt; /Users/lorenzodona/Desktop/abinit-7.6.2/tests/Test_suite/paral_t51_MPI2-t52_MPI2-t53_MPI2/t53_MPI2.stdout 2&gt; /Users/lorenzodona/Desktop/abinit-7.6.2/tests/Test_suite/paral_t51_MPI2-t52_MPI2-t53_MPI2/t53_MPI2.stderr<br /> returned exit_code: 1<br /><br />[paral][t53_MPI2] fldiff.pl fatal error:<br />Unable to open input file /Users/lorenzodona/Desktop/abinit-7.6.2/tests/Test_suite/paral_t51_MPI2-t52_MPI2-t53_MPI2/t53_MPI2.out<br />[paral][t51_MPI4]: Skipped<br />[paral][t52_MPI4]: Skipped<br />[paral][t53_MPI4]: Skipped<br />[paral][t51_MPI10]: Skipped<br />[paral][t52_MPI10]: Skipped<br />[paral][t53_MPI10]: Skipped<br />[paral][t54_MPI1]: Skipped<br />Command mpirun -np 2 /Users/lorenzodona/Desktop/abinit-7.6.2/src/98_main/abinit &lt; /Users/lorenzodona/Desktop/abinit-7.6.2/tests/Test_suite/paral_t54_MPI2/t54_MPI2.stdin &gt; /Users/lorenzodona/Desktop/abinit-7.6.2/tests/Test_suite/paral_t54_MPI2/t54_MPI2.stdout 2&gt; /Users/lorenzodona/Desktop/abinit-7.6.2/tests/Test_suite/paral_t54_MPI2/t54_MPI2.stderr<br /> returned exit_code: 1<br /><br />[paral][t54_MPI2] fldiff.pl fatal error:<br />Unable to open input file /Users/lorenzodona/Desktop/abinit-7.6.2/tests/Test_suite/paral_t54_MPI2/t54_MPI2.out<br />[paral][t54_MPI4]: Skipped<br />[paral][t54_MPI10]: Skipped<br />[paral][t55_MPI1]: Skipped<br />Command mpirun -np 2 /Users/lorenzodona/Desktop/abinit-7.6.2/src/98_main/abinit &lt; /Users/lorenzodona/Desktop/abinit-7.6.2/tests/Test_suite/paral_t55_MPI2/t55_MPI2.stdin &gt; /Users/lorenzodona/Desktop/abinit-7.6.2/tests/Test_suite/paral_t55_MPI2/t55_MPI2.stdout 2&gt; /Users/lorenzodona/Desktop/abinit-7.6.2/tests/Test_suite/paral_t55_MPI2/t55_MPI2.stderr<br /> returned exit_code: 1<br /><br />[paral][t55_MPI2] fldiff.pl fatal error:<br />Unable to open input file /Users/lorenzodona/Desktop/abinit-7.6.2/tests/Test_suite/paral_t55_MPI2/t55_MPI2.out<br />[paral][t55_MPI4]: Skipped<br />[paral][t55_MPI10]: Skipped<br />[paral][t56_MPI1]: Skipped<br />Command mpirun -np 2 /Users/lorenzodona/Desktop/abinit-7.6.2/src/98_main/abinit &lt; /Users/lorenzodona/Desktop/abinit-7.6.2/tests/Test_suite/paral_t56_MPI2/t56_MPI2.stdin &gt; /Users/lorenzodona/Desktop/abinit-7.6.2/tests/Test_suite/paral_t56_MPI2/t56_MPI2.stdout 2&gt; /Users/lorenzodona/Desktop/abinit-7.6.2/tests/Test_suite/paral_t56_MPI2/t56_MPI2.stderr<br /> returned exit_code: 1<br /><br />[paral][t56_MPI2] fldiff.pl fatal error:<br />Unable to open input file /Users/lorenzodona/Desktop/abinit-7.6.2/tests/Test_suite/paral_t56_MPI2/t56_MPI2.out<br />[paral][t56_MPI4]: Skipped<br />[paral][t57_MPI1]: Skipped<br />Command mpirun -np 2 /Users/lorenzodona/Desktop/abinit-7.6.2/src/98_main/abinit &lt; /Users/lorenzodona/Desktop/abinit-7.6.2/tests/Test_suite/paral_t57_MPI2/t57_MPI2.stdin &gt; /Users/lorenzodona/Desktop/abinit-7.6.2/tests/Test_suite/paral_t57_MPI2/t57_MPI2.stdout 2&gt; /Users/lorenzodona/Desktop/abinit-7.6.2/tests/Test_suite/paral_t57_MPI2/t57_MPI2.stderr<br /> returned exit_code: 1<br /><br />[paral][t57_MPI2] fldiff.pl fatal error:<br />Unable to open input file /Users/lorenzodona/Desktop/abinit-7.6.2/tests/Test_suite/paral_t57_MPI2/t57_MPI2.out<br />[paral][t57_MPI4]: Skipped<br />[paral][t57_MPI10]: Skipped<br />[paral][t59_MPI1]: Skipped<br />Command mpirun -np 2 /Users/lorenzodona/Desktop/abinit-7.6.2/src/98_main/abinit &lt; /Users/lorenzodona/Desktop/abinit-7.6.2/tests/Test_suite/paral_t59_MPI2/t59_MPI2.stdin &gt; /Users/lorenzodona/Desktop/abinit-7.6.2/tests/Test_suite/paral_t59_MPI2/t59_MPI2.stdout 2&gt; /Users/lorenzodona/Desktop/abinit-7.6.2/tests/Test_suite/paral_t59_MPI2/t59_MPI2.stderr<br /> returned exit_code: 1<br /><br />[paral][t59_MPI2] fldiff.pl fatal error:<br />Unable to open input file /Users/lorenzodona/Desktop/abinit-7.6.2/tests/Test_suite/paral_t59_MPI2/t59_MPI2.out<br />[paral][t59_MPI4]: Skipped<br />[paral][t59_MPI10]: Skipped<br />[paral][t60_MPI1]: Skipped<br />Command mpirun -np 2 /Users/lorenzodona/Desktop/abinit-7.6.2/src/98_main/abinit &lt; /Users/lorenzodona/Desktop/abinit-7.6.2/tests/Test_suite/paral_t60_MPI2/t60_MPI2.stdin &gt; /Users/lorenzodona/Desktop/abinit-7.6.2/tests/Test_suite/paral_t60_MPI2/t60_MPI2.stdout 2&gt; /Users/lorenzodona/Desktop/abinit-7.6.2/tests/Test_suite/paral_t60_MPI2/t60_MPI2.stderr<br /> returned exit_code: 1<br /><br />[paral][t60_MPI2] fldiff.pl fatal error:<br />Unable to open input file /Users/lorenzodona/Desktop/abinit-7.6.2/tests/Test_suite/paral_t60_MPI2/t60_MPI2.out<br />[paral][t60_MPI4]: Skipped<br />[paral][t71_MPI1]: Skipped<br />Command mpirun -np 2 /Users/lorenzodona/Desktop/abinit-7.6.2/src/98_main/abinit &lt; /Users/lorenzodona/Desktop/abinit-7.6.2/tests/Test_suite/paral_t71_MPI2/t71_MPI2.stdin &gt; /Users/lorenzodona/Desktop/abinit-7.6.2/tests/Test_suite/paral_t71_MPI2/t71_MPI2.stdout 2&gt; /Users/lorenzodona/Desktop/abinit-7.6.2/tests/Test_suite/paral_t71_MPI2/t71_MPI2.stderr<br /> returned exit_code: 1<br /><br />[paral][t71_MPI2] fldiff.pl fatal error:<br />Unable to open input file /Users/lorenzodona/Desktop/abinit-7.6.2/tests/Test_suite/paral_t71_MPI2/t71_MPI2.out<br />[paral][t71_MPI4]: Skipped<br />[paral][t71_MPI10]: Skipped<br />[paral][t72_MPI1]: Skipped<br />Command mpirun -np 2 /Users/lorenzodona/Desktop/abinit-7.6.2/src/98_main/abinit &lt; /Users/lorenzodona/Desktop/abinit-7.6.2/tests/Test_suite/paral_t72_MPI2/t72_MPI2.stdin &gt; /Users/lorenzodona/Desktop/abinit-7.6.2/tests/Test_suite/paral_t72_MPI2/t72_MPI2.stdout 2&gt; /Users/lorenzodona/Desktop/abinit-7.6.2/tests/Test_suite/paral_t72_MPI2/t72_MPI2.stderr<br /> returned exit_code: 1<br /><br />[paral][t72_MPI2] fldiff.pl fatal error:<br />Unable to open input file /Users/lorenzodona/Desktop/abinit-7.6.2/tests/Test_suite/paral_t72_MPI2/t72_MPI2.out<br />[paral][t72_MPI4]: Skipped<br />[paral][t72_MPI10]: Skipped<br />[paral][t73_MPI1]: Skipped<br />Command mpirun -np 2 /Users/lorenzodona/Desktop/abinit-7.6.2/src/98_main/abinit &lt; /Users/lorenzodona/Desktop/abinit-7.6.2/tests/Test_suite/paral_t73_MPI2/t73_MPI2.stdin &gt; /Users/lorenzodona/Desktop/abinit-7.6.2/tests/Test_suite/paral_t73_MPI2/t73_MPI2.stdout 2&gt; /Users/lorenzodona/Desktop/abinit-7.6.2/tests/Test_suite/paral_t73_MPI2/t73_MPI2.stderr<br /> returned exit_code: 1<br /><br />[paral][t73_MPI2] fldiff.pl fatal error:<br />Unable to open input file /Users/lorenzodona/Desktop/abinit-7.6.2/tests/Test_suite/paral_t73_MPI2/t73_MPI2.out<br />[paral][t73_MPI4]: Skipped<br />[paral][t74_MPI1]: Skipped<br />Command mpirun -np 2 /Users/lorenzodona/Desktop/abinit-7.6.2/src/98_main/abinit &lt; /Users/lorenzodona/Desktop/abinit-7.6.2/tests/Test_suite/paral_t74_MPI2/t74_MPI2.stdin &gt; /Users/lorenzodona/Desktop/abinit-7.6.2/tests/Test_suite/paral_t74_MPI2/t74_MPI2.stdout 2&gt; /Users/lorenzodona/Desktop/abinit-7.6.2/tests/Test_suite/paral_t74_MPI2/t74_MPI2.stderr<br /> returned exit_code: 1<br /><br />[paral][t74_MPI2] fldiff.pl fatal error:<br />Unable to open input file /Users/lorenzodona/Desktop/abinit-7.6.2/tests/Test_suite/paral_t74_MPI2/t74_MPI2.out<br />[paral][t74_MPI4]: Skipped<br />[paral][t75_MPI1]: Skipped<br />Command mpirun -np 2 /Users/lorenzodona/Desktop/abinit-7.6.2/src/98_main/abinit &lt; /Users/lorenzodona/Desktop/abinit-7.6.2/tests/Test_suite/paral_t75_MPI2/t75_MPI2.stdin &gt; /Users/lorenzodona/Desktop/abinit-7.6.2/tests/Test_suite/paral_t75_MPI2/t75_MPI2.stdout 2&gt; /Users/lorenzodona/Desktop/abinit-7.6.2/tests/Test_suite/paral_t75_MPI2/t75_MPI2.stderr<br /> returned exit_code: 1<br /><br />[paral][t75_MPI2] fldiff.pl fatal error:<br />Unable to open input file /Users/lorenzodona/Desktop/abinit-7.6.2/tests/Test_suite/paral_t75_MPI2/t75_MPI2.out<br />[paral][t75_MPI4]: Skipped<br />[paral][t75_MPI10]: Skipped<br />[paral][t76_MPI1]: Skipped<br />Command mpirun -np 2 /Users/lorenzodona/Desktop/abinit-7.6.2/src/98_main/abinit &lt; /Users/lorenzodona/Desktop/abinit-7.6.2/tests/Test_suite/paral_t76_MPI2/t76_MPI2.stdin &gt; /Users/lorenzodona/Desktop/abinit-7.6.2/tests/Test_suite/paral_t76_MPI2/t76_MPI2.stdout 2&gt; /Users/lorenzodona/Desktop/abinit-7.6.2/tests/Test_suite/paral_t76_MPI2/t76_MPI2.stderr<br /> returned exit_code: 1<br /><br />[paral][t76_MPI2] fldiff.pl fatal error:<br />Unable to open input file /Users/lorenzodona/Desktop/abinit-7.6.2/tests/Test_suite/paral_t76_MPI2/t76_MPI2.out<br />[paral][t76_MPI2] fldiff.pl fatal error:<br />Unable to open input file /Users/lorenzodona/Desktop/abinit-7.6.2/tests/Test_suite/paral_t76_MPI2/t76_MPI2o_DS3_EXC_MDF<br />[paral][t76_MPI4]: Skipped<br />[paral][t91_MPI1]: Skipped<br />[paral][t91_MPI4]: Skipped<br />[paral][t91_MPI10]: Skipped<br />[paral][t92_MPI10]: Skipped<br />/Users/lorenzodona/Desktop/abinit-7.6.2/tests/pymods/testsuite.py:2559: UserWarning: exception while creating tarball file: [Errno 2] No such file or directory: '/Users/lorenzodona/Desktop/abinit-7.6.2/tests/Test_suite/paral_t01_MPI2/t01_MPI2.out'<br />  warn(&quot;exception while creating tarball file: %s&quot; % str(exc))<br />/Users/lorenzodona/Desktop/abinit-7.6.2/tests/pymods/testsuite.py:2559: UserWarning: exception while creating tarball file: [Errno 2] No such file or directory: '/Users/lorenzodona/Desktop/abinit-7.6.2/tests/Test_suite/paral_t02_MPI2/t02_MPI2.out'<br />  warn(&quot;exception while creating tarball file: %s&quot; % str(exc))<br />/Users/lorenzodona/Desktop/abinit-7.6.2/tests/pymods/testsuite.py:2559: UserWarning: exception while creating tarball file: [Errno 2] No such file or directory: '/Users/lorenzodona/Desktop/abinit-7.6.2/tests/Test_suite/paral_t03_MPI2/t03_MPI2.out'<br />  warn(&quot;exception while creating tarball file: %s&quot; % str(exc))<br />/Users/lorenzodona/Desktop/abinit-7.6.2/tests/pymods/testsuite.py:2559: UserWarning: exception while creating tarball file: [Errno 2] No such file or directory: '/Users/lorenzodona/Desktop/abinit-7.6.2/tests/Test_suite/paral_t05_MPI2/t05_MPI2.out'<br />  warn(&quot;exception while creating tarball file: %s&quot; % str(exc))<br />/Users/lorenzodona/Desktop/abinit-7.6.2/tests/pymods/testsuite.py:2559: UserWarning: exception while creating tarball file: [Errno 2] No such file or directory: '/Users/lorenzodona/Desktop/abinit-7.6.2/tests/Test_suite/paral_t06_MPI2/t06_MPI2.out'<br />  warn(&quot;exception while creating tarball file: %s&quot; % str(exc))<br />/Users/lorenzodona/Desktop/abinit-7.6.2/tests/pymods/testsuite.py:2559: UserWarning: exception while creating tarball file: [Errno 2] No such file or directory: '/Users/lorenzodona/Desktop/abinit-7.6.2/tests/Test_suite/paral_t07_MPI2/t07_MPI2.out'<br />  warn(&quot;exception while creating tarball file: %s&quot; % str(exc))<br />/Users/lorenzodona/Desktop/abinit-7.6.2/tests/pymods/testsuite.py:2559: UserWarning: exception while creating tarball file: [Errno 2] No such file or directory: '/Users/lorenzodona/Desktop/abinit-7.6.2/tests/Test_suite/paral_t08_MPI2/t08_MPI2.out'<br />  warn(&quot;exception while creating tarball file: %s&quot; % str(exc))<br />/Users/lorenzodona/Desktop/abinit-7.6.2/tests/pymods/testsuite.py:2559: UserWarning: exception while creating tarball file: [Errno 2] No such file or directory: '/Users/lorenzodona/Desktop/abinit-7.6.2/tests/Test_suite/paral_t51_MPI2-t52_MPI2-t53_MPI2/t51_MPI2.out'<br />  warn(&quot;exception while creating tarball file: %s&quot; % str(exc))<br />/Users/lorenzodona/Desktop/abinit-7.6.2/tests/pymods/testsuite.py:2559: UserWarning: exception while creating tarball file: [Errno 2] No such file or directory: '/Users/lorenzodona/Desktop/abinit-7.6.2/tests/Test_suite/paral_t51_MPI2-t52_MPI2-t53_MPI2/t53_MPI2.out'<br />  warn(&quot;exception while creating tarball file: %s&quot; % str(exc))<br />/Users/lorenzodona/Desktop/abinit-7.6.2/tests/pymods/testsuite.py:2559: UserWarning: exception while creating tarball file: [Errno 2] No such file or directory: '/Users/lorenzodona/Desktop/abinit-7.6.2/tests/Test_suite/paral_t51_MPI2-t52_MPI2-t53_MPI2/t52_MPI2.out'<br />  warn(&quot;exception while creating tarball file: %s&quot; % str(exc))<br />/Users/lorenzodona/Desktop/abinit-7.6.2/tests/pymods/testsuite.py:2559: UserWarning: exception while creating tarball file: [Errno 2] No such file or directory: '/Users/lorenzodona/Desktop/abinit-7.6.2/tests/Test_suite/paral_t54_MPI2/t54_MPI2.out'<br />  warn(&quot;exception while creating tarball file: %s&quot; % str(exc))<br />/Users/lorenzodona/Desktop/abinit-7.6.2/tests/pymods/testsuite.py:2559: UserWarning: exception while creating tarball file: [Errno 2] No such file or directory: '/Users/lorenzodona/Desktop/abinit-7.6.2/tests/Test_suite/paral_t55_MPI2/t55_MPI2.out'<br />  warn(&quot;exception while creating tarball file: %s&quot; % str(exc))<br />/Users/lorenzodona/Desktop/abinit-7.6.2/tests/pymods/testsuite.py:2559: UserWarning: exception while creating tarball file: [Errno 2] No such file or directory: '/Users/lorenzodona/Desktop/abinit-7.6.2/tests/Test_suite/paral_t56_MPI2/t56_MPI2.out'<br />  warn(&quot;exception while creating tarball file: %s&quot; % str(exc))<br />/Users/lorenzodona/Desktop/abinit-7.6.2/tests/pymods/testsuite.py:2559: UserWarning: exception while creating tarball file: [Errno 2] No such file or directory: '/Users/lorenzodona/Desktop/abinit-7.6.2/tests/Test_suite/paral_t57_MPI2/t57_MPI2.out'<br />  warn(&quot;exception while creating tarball file: %s&quot; % str(exc))<br />/Users/lorenzodona/Desktop/abinit-7.6.2/tests/pymods/testsuite.py:2559: UserWarning: exception while creating tarball file: [Errno 2] No such file or directory: '/Users/lorenzodona/Desktop/abinit-7.6.2/tests/Test_suite/paral_t59_MPI2/t59_MPI2.out'<br />  warn(&quot;exception while creating tarball file: %s&quot; % str(exc))<br />/Users/lorenzodona/Desktop/abinit-7.6.2/tests/pymods/testsuite.py:2559: UserWarning: exception while creating tarball file: [Errno 2] No such file or directory: '/Users/lorenzodona/Desktop/abinit-7.6.2/tests/Test_suite/paral_t60_MPI2/t60_MPI2.out'<br />  warn(&quot;exception while creating tarball file: %s&quot; % str(exc))<br />/Users/lorenzodona/Desktop/abinit-7.6.2/tests/pymods/testsuite.py:2559: UserWarning: exception while creating tarball file: [Errno 2] No such file or directory: '/Users/lorenzodona/Desktop/abinit-7.6.2/tests/Test_suite/paral_t71_MPI2/t71_MPI2.out'<br />  warn(&quot;exception while creating tarball file: %s&quot; % str(exc))<br />/Users/lorenzodona/Desktop/abinit-7.6.2/tests/pymods/testsuite.py:2559: UserWarning: exception while creating tarball file: [Errno 2] No such file or directory: '/Users/lorenzodona/Desktop/abinit-7.6.2/tests/Test_suite/paral_t72_MPI2/t72_MPI2.out'<br />  warn(&quot;exception while creating tarball file: %s&quot; % str(exc))<br />/Users/lorenzodona/Desktop/abinit-7.6.2/tests/pymods/testsuite.py:2559: UserWarning: exception while creating tarball file: [Errno 2] No such file or directory: '/Users/lorenzodona/Desktop/abinit-7.6.2/tests/Test_suite/paral_t73_MPI2/t73_MPI2.out'<br />  warn(&quot;exception while creating tarball file: %s&quot; % str(exc))<br />/Users/lorenzodona/Desktop/abinit-7.6.2/tests/pymods/testsuite.py:2559: UserWarning: exception while creating tarball file: [Errno 2] No such file or directory: '/Users/lorenzodona/Desktop/abinit-7.6.2/tests/Test_suite/paral_t74_MPI2/t74_MPI2.out'<br />  warn(&quot;exception while creating tarball file: %s&quot; % str(exc))<br />/Users/lorenzodona/Desktop/abinit-7.6.2/tests/pymods/testsuite.py:2559: UserWarning: exception while creating tarball file: [Errno 2] No such file or directory: '/Users/lorenzodona/Desktop/abinit-7.6.2/tests/Test_suite/paral_t75_MPI2/t75_MPI2.out'<br />  warn(&quot;exception while creating tarball file: %s&quot; % str(exc))<br />/Users/lorenzodona/Desktop/abinit-7.6.2/tests/pymods/testsuite.py:2559: UserWarning: exception while creating tarball file: [Errno 2] No such file or directory: '/Users/lorenzodona/Desktop/abinit-7.6.2/tests/Test_suite/paral_t76_MPI2/t76_MPI2o_DS3_EXC_MDF'<br />  warn(&quot;exception while creating tarball file: %s&quot; % str(exc))<br />/Users/lorenzodona/Desktop/abinit-7.6.2/tests/pymods/testsuite.py:2559: UserWarning: exception while creating tarball file: [Errno 2] No such file or directory: '/Users/lorenzodona/Desktop/abinit-7.6.2/tests/Test_suite/paral_t76_MPI2/t76_MPI2.out'<br />  warn(&quot;exception while creating tarball file: %s&quot; % str(exc))<br />Test suite completed in 1.51 s (average time for test = 0.01 s, stdev = 0.02 s)<br />failed: 20, succeeded: 0, passed: 0, skipped: 65, disabled: 0<br />[paral][t51_MPI2-t52_MPI2-t53_MPI2] has run_etime 0.12 s<br />Suite   failed  passed  succeeded  skipped  disabled  run_etime  tot_etime<br />paral       20       0          0       65         0       0.91       1.23<br />MacBook-Pro-di-Lorenzo-Dona:tests lorenzodona$<br /><br />Can you help me to run tests in parallel.<br /><br />thank you for your patience again<br />dearly lorenzo</div>
			</div>
			<hr />
					<div class="post">
				<h3>Re: problem compiling abinit 6.7.1 on mac 10.9.2</h3>
				<div class="date">Posted: <strong>Sun Apr 06, 2014 9:43 pm</strong></div>
				<div class="author">by <strong>lorenzodona</strong></div>
				<div class="content">Dear Matteo I think to have found the problem:<br />the default command for mpi run is mpirun but with mpirun it doesn't work I need to change it with mpiexec.<br />Please can you tell me how to change it.<br /><br />dearly lorenzo</div>
			</div>
			<hr />
					<div class="post">
				<h3>Re: problem compiling abinit 6.7.1 on mac 10.9.2</h3>
				<div class="date">Posted: <strong>Sun Apr 06, 2014 10:46 pm</strong></div>
				<div class="author">by <strong>gmatteo</strong></div>
				<div class="content"><blockquote class="uncited"><div>the default command for mpi run is mpirun but with mpirun it doesn't work I need to change it with mpiexec.<br /></div></blockquote><br /><br />Create a configuration file e.g. mympi.cfg<br /><br />$ cat mympi.cfg<br /><br />[mpi]<br />mpirun_np = path_to_yourmpiexec -np<br /><br />then read the options from this configuration file with the -c option<br /><br />./runtests .... -c mympi.cfg</div>
			</div>
			<hr />
					<div class="post">
				<h3>Re: problem compiling abinit 6.7.1 on mac 10.9.2</h3>
				<div class="date">Posted: <strong>Sun Apr 06, 2014 11:25 pm</strong></div>
				<div class="author">by <strong>lorenzodona</strong></div>
				<div class="content">Dear matteo thanks again for your patience I do it like you told me but i found:<br /><br />MacBook-Pro-di-Lorenzo-Dona:tests lorenzodona$ runtests.py -n 2 -c mpi.cfg<br />/Users/lorenzodona/Desktop/abinit-7.6.2/tests/pymods/testsuite.py:802: UserWarning: Cannot find path of bin_name timeout, neither in the build directory nor in PATH ['/opt/local/bin', '/opt/local/sbin', '/opt/local/bin', '/opt/local/sbin', '/opt/local/bin', '/opt/local/sbin', '/opt/local/bin', '/opt/local/sbin', '/opt/local/bin', '/opt/local/sbin', '/usr/bin', '/bin', '/usr/sbin', '/sbin', '/usr/local/bin', '/opt/X11/bin', './', '/Users/lorenzodona/Crystal09/bin/Mac_ifort/v1_0_1', '/Users/lorenzodona/Crystal09/bin/Mac_ifort', '/Users/lorenzodona/Crystal09/utils09', '/Users/lorenzodona/Crystal09/crgra2006']<br />  warn(err_msg)<br />/Users/lorenzodona/Desktop/abinit-7.6.2/tests/pymods/testsuite.py:762: UserWarning: Cannot find timeout executable!<br />  warn(&quot;Cannot find timeout executable!&quot;)<br />./runtests.py:213: UserWarning: Cannot find timeout executable at: <br />  warn(&quot;Cannot find timeout executable at: %s&quot; % build_env.path_of_bin(&quot;timeout&quot;))<br />Traceback (most recent call last):<br />  File &quot;./runtests.py&quot;, line 337, in &lt;module&gt;<br />    sys.exit(main())<br />  File &quot;./runtests.py&quot;, line 224, in main<br />    runner = JobRunner.fromfile(cfg_fname, timebomb=timebomb)<br />  File &quot;/Users/lorenzodona/Desktop/abinit-7.6.2/tests/pymods/jobrunner.py&quot;, line 112, in fromfile<br />    d = mpicfg_parser(fname)<br />  File &quot;/Users/lorenzodona/Desktop/abinit-7.6.2/tests/pymods/jobrunner.py&quot;, line 55, in mpicfg_parser<br />    parser.read(fname)<br />  File &quot;/System/Library/Frameworks/Python.framework/Versions/2.7/lib/python2.7/ConfigParser.py&quot;, line 305, in read<br />    self._read(fp, filename)<br />  File &quot;/System/Library/Frameworks/Python.framework/Versions/2.7/lib/python2.7/ConfigParser.py&quot;, line 512, in _read<br />    raise MissingSectionHeaderError(fpname, lineno, line)<br />ConfigParser.MissingSectionHeaderError: File contains no section headers.<br />file: mpi.cfg, line: 1<br />'{\\rtf1\\ansi\\ansicpg1252\\cocoartf1265\\cocoasubrtf190\n'<br /><br />Thanks for your patience and to teach me and help me.<br />dearly lorenzo<br /><br />mpi.cfg is:<br /><br />$ cat mpi.cfg<br /><br />        [mpi]<br />          mpi_prefix = /usr/local/<br />          mpirun_np = %(mpi_prefix)s/bin/mpiexec -np</div>
			</div>
			<hr />
					<div class="post">
				<h3>Re: problem compiling abinit 6.7.1 on mac 10.9.2</h3>
				<div class="date">Posted: <strong>Mon Apr 07, 2014 12:17 am</strong></div>
				<div class="author">by <strong>gmatteo</strong></div>
				<div class="content"><blockquote class="uncited"><div>file: mpi.cfg, line: 1<br />'{\\rtf1\\ansi\\ansicpg1252\\cocoartf1265\\cocoasubrtf190\n'<br /></div></blockquote><br /><br />I guess that you have installed a version of python patched my Mac (Xcode),<br />and this creates a lot of portability problems since MacOsX developers love to<br />break the compatibility with the official python version<br /><br />Can you post the result of:<br /><br />$ python --version<br /><br />In the meantime, you can easily hack a bit the test suite code so<br />that mpiexec is called instead of of mpirun<br />Open ~abinit/tests/pymods/jobrunner.py<br />and use <br />  <br />  d[&quot;mpirun_np&quot;] = &quot;mpiexec -np&quot;<br /><br />instead of  <br /><br />  d[&quot;mpirun_np&quot;] = &quot;mpirun -np&quot;<br /><br />=== modified file 'tests/pymods/jobrunner.py'<br />--- tests/pymods/jobrunner.py	2014-03-31 23:58:45 +0000<br />+++ tests/pymods/jobrunner.py	2014-04-06 22:08:06 +0000<br />@@ -125,7 +125,8 @@<br />     def generic_mpi(cls, ompenv=None, timebomb=None):<br />         # It should work, provided that the shell environment is properly defined.<br />         d = dict()<br />-        d[&quot;mpirun_np&quot;] = &quot;mpirun -np&quot;<br />+        d[&quot;mpirun_np&quot;] = &quot;mpiexec -np&quot;<br />         #d[&quot;mpirun_extra_args&quot;] = &quot;&quot;<br />         d[&quot;ompenv&quot;] = ompenv<br />         d[&quot;timebomb&quot;] = timebomb</div>
			</div>
			<hr />
					<div class="post">
				<h3>Re: problem compiling abinit 6.7.1 on mac 10.9.2</h3>
				<div class="date">Posted: <strong>Mon Apr 07, 2014 8:39 am</strong></div>
				<div class="author">by <strong>lorenzodona</strong></div>
				<div class="content">Dear Matteo:<br />My python version is 2.7.5<br /><br />I changed the job runner.py in this way:<br /><br />@classmethod<br />    def generic_mpi(cls, ompenv=None, timebomb=None):<br />        # It should work, provided that the shell environment is properly defined.<br />        d = dict()<br />        d[&quot;mpirun_np&quot;] = &quot;mpiexcec -np&quot;<br />        #d[&quot;mpirun_extra_args&quot;] = &quot;&quot;<br />        d[&quot;ompenv&quot;] = ompenv<br />        d[&quot;timebomb&quot;] = timebomb<br />        return cls(d)<br /><br />but it doesn't work.<br /><br />now if I run:<br />runtests.py paral -n 2<br /><br />i found<br />Running ntests = 93, MPI_nprocs = 2, py_nthreads = 1...<br />[paral][t01_MPI1]: Skipped<br />Command mpiexcec -np 2 /Users/lorenzodona/Desktop/abinit-7.6.2/src/98_main/abinit &lt; /Users/lorenzodona/Desktop/abinit-7.6.2/tests/Test_suite/paral_t01_MPI2/t01_MPI2.stdin &gt; /Users/lorenzodona/Desktop/abinit-7.6.2/tests/Test_suite/paral_t01_MPI2/t01_MPI2.stdout 2&gt; /Users/lorenzodona/Desktop/abinit-7.6.2/tests/Test_suite/paral_t01_MPI2/t01_MPI2.stderr<br /> returned exit_code: 127<br /><br />[paral][t01_MPI2] fldiff.pl fatal error:<br />Unable to open input file /Users/lorenzodona/Desktop/abinit-7.6.2/tests/Test_suite/paral_t01_MPI2/t01_MPI2.out<br />[paral][t01_MPI4]: Skipped<br />[paral][t01_MPI10]: Skipped<br />[paral][t02_MPI1]: Skipped<br />Command mpiexcec -np 2 /Users/lorenzodona/Desktop/abinit-7.6.2/src/98_main/abinit &lt; /Users/lorenzodona/Desktop/abinit-7.6.2/tests/Test_suite/paral_t02_MPI2/t02_MPI2.stdin &gt; /Users/lorenzodona/Desktop/abinit-7.6.2/tests/Test_suite/paral_t02_MPI2/t02_MPI2.stdout 2&gt; /Users/lorenzodona/Desktop/abinit-7.6.2/tests/Test_suite/paral_t02_MPI2/t02_MPI2.stderr<br /> returned exit_code: 127<br /><br />[paral][t02_MPI2] fldiff.pl fatal error:<br />Unable to open input file /Users/lorenzodona/Desktop/abinit-7.6.2/tests/Test_suite/paral_t02_MPI2/t02_MPI2.out<br />[paral][t02_MPI4]: Skipped<br />[paral][t02_MPI10]: Skipped<br />[paral][t03_MPI1]: Skipped<br />Command mpiexcec -np 2 /Users/lorenzodona/Desktop/abinit-7.6.2/src/98_main/abinit &lt; /Users/lorenzodona/Desktop/abinit-7.6.2/tests/Test_suite/paral_t03_MPI2/t03_MPI2.stdin &gt; /Users/lorenzodona/Desktop/abinit-7.6.2/tests/Test_suite/paral_t03_MPI2/t03_MPI2.stdout 2&gt; /Users/lorenzodona/Desktop/abinit-7.6.2/tests/Test_suite/paral_t03_MPI2/t03_MPI2.stderr<br /> returned exit_code: 127<br /><br />[paral][t03_MPI2] fldiff.pl fatal error:<br />Unable to open input file /Users/lorenzodona/Desktop/abinit-7.6.2/tests/Test_suite/paral_t03_MPI2/t03_MPI2.out<br />[paral][t03_MPI4]: Skipped<br />[paral][t05_MPI1]: Skipped<br />Command mpiexcec -np 2 /Users/lorenzodona/Desktop/abinit-7.6.2/src/98_main/abinit &lt; /Users/lorenzodona/Desktop/abinit-7.6.2/tests/Test_suite/paral_t05_MPI2/t05_MPI2.stdin &gt; /Users/lorenzodona/Desktop/abinit-7.6.2/tests/Test_suite/paral_t05_MPI2/t05_MPI2.stdout 2&gt; /Users/lorenzodona/Desktop/abinit-7.6.2/tests/Test_suite/paral_t05_MPI2/t05_MPI2.stderr<br />etc......<br /><br />now the command is mpiexec but the problem is the same.<br /><br />I tried to run a single test with the entire path for example:<br /><br />MacBook-Pro-di-Lorenzo-Dona:tests lorenzodona$ mpiexec -np 4 /Users/lorenzodona/Desktop/abinit-7.6.2/src/98_main/abinit &lt;t02_MPI4.stdin<br /><br /> and is working so I don't know where is the problem.<br /><br />whit paral tests i found a lots of:<br />[paral][t02_MPI2] fldiff.pl fatal error:<br />Unable to open input file /Users/lorenzodona/Desktop/abinit-7.6.2/tests/Test_suite/paral_t02_MPI2/t02_MPI2.out<br />and a lots of skipped test.<br /><br />thanks again for your patience with me.<br />thanks to help me <br />dearly lorenzo</div>
			</div>
			<hr />
					<div class="post">
				<h3>Re: problem compiling abinit 6.7.1 on mac 10.9.2</h3>
				<div class="date">Posted: <strong>Mon Apr 07, 2014 12:59 pm</strong></div>
				<div class="author">by <strong>gmatteo</strong></div>
				<div class="content">There's a typo in your changes. It should read<br /><br />+ d[&quot;mpirun_np&quot;] = &quot;mpiexec -np&quot;<br /><br />and not mpiexcec (open the stderr files to get more info <br />on the problem if something goes wrong)</div>
			</div>
			<hr />
					<div class="post">
				<h3>Re: problem compiling abinit 6.7.1 on mac 10.9.2</h3>
				<div class="date">Posted: <strong>Mon Apr 07, 2014 2:17 pm</strong></div>
				<div class="author">by <strong>lorenzodona</strong></div>
				<div class="content">I put + like you told me but i found this:<br /><br />MacBook-Pro-di-Lorenzo-Dona:tests lorenzodona$ runtests.py paral -n 2<br />Traceback (most recent call last):<br />  File &quot;./runtests.py&quot;, line 22, in &lt;module&gt;<br />    import tests<br />  File &quot;/Users/lorenzodona/Desktop/abinit-7.6.2/tests/__init__.py&quot;, line 11, in &lt;module&gt;<br />    from tests.pymods.testsuite import TestSuite, ChainOfTests<br />  File &quot;/Users/lorenzodona/Desktop/abinit-7.6.2/tests/pymods/__init__.py&quot;, line 1, in &lt;module&gt;<br />    from jobrunner import *<br />  File &quot;/Users/lorenzodona/Desktop/abinit-7.6.2/tests/pymods/jobrunner.py&quot;, line 128<br />    + d[&quot;mpirun_np&quot;] = &quot;mpiexcec -np&quot;<br />                                    ^<br />IndentationError: unindent does not match any outer indentation level<br /><br />dearly lorenzo</div>
			</div>
			<hr />
					<div class="post">
				<h3>Re: problem compiling abinit 6.7.1 on mac 10.9.2</h3>
				<div class="date">Posted: <strong>Mon Apr 07, 2014 2:29 pm</strong></div>
				<div class="author">by <strong>gmatteo</strong></div>
				<div class="content">Remove &quot;+&quot; and indent the line. The code should look like:<br /><br />d = dict()<br />d[&quot;mpirun_np&quot;] = &quot;mpiexec -np&quot;<br />#d[&quot;mpirun_extra_args&quot;] = &quot;&quot;<br /><br />i.e replace &quot;mpirun -np&quot; with &quot;mpiexec -np&quot;</div>
			</div>
			<hr />
					<div class="post">
				<h3>Re: problem compiling abinit 6.7.1 on mac 10.9.2</h3>
				<div class="date">Posted: <strong>Mon Apr 07, 2014 8:40 pm</strong></div>
				<div class="author">by <strong>lorenzodona</strong></div>
				<div class="content">Dear Matteo thanks for your patience with me it is working<br /><br />thanks tanks a lot again.<br /><br />dearly lorenzo</div>
			</div>
			<hr />
			</div>

	<div id="page-footer" class="page-footer">
		<div class="page-number">All times are <span title="Europe/Brussels">UTC+02:00</span><br />Page <strong>1</strong> of <strong>1</strong></div>
			<div class="copyright">
				<p>Powered by <a href="https://www.phpbb.com/">phpBB</a>&reg; Forum Software &copy; phpBB Limited
				</p>
							</div>
	</div>
</div>

</body>

<!-- Mirrored from forum.abinit.org/viewtopic.php?f=3&t=2618&view=print by HTTrack Website Copier/3.x [XR&CO'2014], Sat, 21 Sep 2024 02:22:01 GMT -->
</html>
