<!DOCTYPE html>
<html dir="ltr" lang="en-gb">

<!-- Mirrored from forum.abinit.org/viewtopic.php?f=3&t=2530&view=print by HTTrack Website Copier/3.x [XR&CO'2014], Sat, 21 Sep 2024 03:47:53 GMT -->
<!-- Added by HTTrack --><meta http-equiv="content-type" content="text/html;charset=UTF-8" /><!-- /Added by HTTrack -->
<head>
<meta charset="utf-8" />
<meta http-equiv="X-UA-Compatible" content="IE=edge">
<meta name="robots" content="noindex" />

<title>ABINIT Discussion Forums &bull; ubuntu 12.04 64 bit abinit 7.6.2 install  test problem</title>

<link href="styles/flat-style/theme/print.css" rel="stylesheet">
<link href="styles/flat-style/theme/bidi.css" rel="stylesheet">
</head>
<body id="phpbb" class="ltr">
<div id="wrap" class="wrap">
	<a id="top" class="top-anchor" accesskey="t"></a>

	<div id="page-header">
		<h1>ABINIT Discussion Forums</h1>
		<p>The meeting place for ABINIT users and developers<br /><a href="index.html">https://forum.abinit.org/</a></p>

		<h2>ubuntu 12.04 64 bit abinit 7.6.2 install  test problem</h2>
		<p><a href="viewtopic13f6.html?f=3&amp;t=2530">https://forum.abinit.org/viewtopic.php?f=3&amp;t=2530</a></p>
	</div>

	<div id="page-body" class="page-body">
		<div class="page-number">Page <strong>1</strong> of <strong>1</strong></div>
					<div class="post">
				<h3>ubuntu 12.04 64 bit abinit 7.6.2 install  test problem</h3>
				<div class="date">Posted: <strong>Mon Mar 17, 2014 3:24 am</strong></div>
				<div class="author">by <strong>osmanb</strong></div>
				<div class="content">Hello,<br />I am trying to install abinit 7.6.2 on my ubuntu 12.04 system. I think the build went ok. I followed the instruction in the forum for ubuntu installs (use dthe config file but changed lib64 to just lib). But when I tried to do make check, I get the following python errror:<br />osman@osman-AV019AA-ABA-p6228p:~/src/abinit/abinit-7.6.2/tests$ ./runtests.py fast<br />Traceback (most recent call last):<br />  File &quot;./runtests.py&quot;, line 28, in &lt;module&gt;<br />    abenv = tests.abenv<br />AttributeError: 'module' object has no attribute 'abenv'<br /><br />Do I need some special python module to be installed??<br />Thanks in advance</div>
			</div>
			<hr />
					<div class="post">
				<h3>Re: ubuntu 12.04 64 bit abinit 7.6.2 install  test problem</h3>
				<div class="date">Posted: <strong>Tue Mar 18, 2014 12:36 am</strong></div>
				<div class="author">by <strong>gmatteo</strong></div>
				<div class="content">Hi,<br /><br />could you edit the code in ~abinit/tests/runtests.py around line 396?<br /><br /># Add the two lines below:<br />print(dir(tests))<br />print(tests.__path__)<br /><br /># Before this old code<br />abenv = tests.abenv<br /><br /><br />Could you rerun the script, and post the output so that I can pinpoint the problem.<br /><br /><blockquote class="uncited"><div>Do I need some special python module to be installed??<br /></div></blockquote><br /><br />No, the python script is compatible with python &gt; 2.4 (no py3k) and it only requires the python standard library.</div>
			</div>
			<hr />
					<div class="post">
				<h3>Re: ubuntu 12.04 64 bit abinit 7.6.2 install  test problem</h3>
				<div class="date">Posted: <strong>Tue Mar 18, 2014 1:53 am</strong></div>
				<div class="author">by <strong>osmanb</strong></div>
				<div class="content">Thanks for replying. I put those lines before line 28 (which is where abenv=tests.abenv line is ) :<br />osman@osman-AV019AA-ABA-p6228p:~/src/abinit/abinit-7.6.2/tests$ ./runtests.py<br />['__builtins__', '__doc__', '__file__', '__name__', '__package__', '__path__']<br />['/usr/lib/pymodules/python2.7/tests']<br />Traceback (most recent call last):<br />  File &quot;./runtests.py&quot;, line 30, in &lt;module&gt;<br />    abenv = tests.abenv<br />AttributeError: 'module' object has no attribute 'abenv'</div>
			</div>
			<hr />
					<div class="post">
				<h3>Re: ubuntu 12.04 64 bit abinit 7.6.2 install  test problem</h3>
				<div class="date">Posted: <strong>Tue Mar 18, 2014 2:14 am</strong></div>
				<div class="author">by <strong>gmatteo</strong></div>
				<div class="content"><blockquote class="uncited"><div>['/usr/lib/pymodules/python2.7/tests']<br /></div></blockquote><br /><br />Ok, it's a well known problem.<br />Your python library defines a package module named &quot;tests&quot; whose name enters in conflict with the tests package provided by abinit<br /><br />temporary workaround: change the PYTHONPATH variable so that the &quot;tests&quot;  directory in the abinit top level directory comes first, i.e. (bash shell)<br /><br />export PYTHONPATH=~abinit:$PYTHONPATH<br /><br />where ~abinit is the *absolute* path pointing the abinit top level directory</div>
			</div>
			<hr />
					<div class="post">
				<h3>Re: ubuntu 12.04 64 bit abinit 7.6.2 install  test problem&nbsp;&nbsp;<span style="color: #006600">[SOLVED]</span></h3>
				<div class="date">Posted: <strong>Tue Mar 18, 2014 2:34 am</strong></div>
				<div class="author">by <strong>osmanb</strong></div>
				<div class="content">Thanks that solved my problem.<br />  <img class="smilies" src="images/smilies/icon_e_biggrin.gif" alt=":D" title="Very Happy" /></div>
			</div>
			<hr />
			</div>

	<div id="page-footer" class="page-footer">
		<div class="page-number">All times are <span title="Europe/Brussels">UTC+02:00</span><br />Page <strong>1</strong> of <strong>1</strong></div>
			<div class="copyright">
				<p>Powered by <a href="https://www.phpbb.com/">phpBB</a>&reg; Forum Software &copy; phpBB Limited
				</p>
							</div>
	</div>
</div>

</body>

<!-- Mirrored from forum.abinit.org/viewtopic.php?f=3&t=2530&view=print by HTTrack Website Copier/3.x [XR&CO'2014], Sat, 21 Sep 2024 03:47:53 GMT -->
</html>
